<?xml version="1.0" encoding="UTF-8"?>
<!-- Generated by org.testng.reporters.JUnitXMLReporter -->
<testsuite ignored="0" hostname="RameshCh" failures="0" tests="3" name="OpencartTest" time="24.369" errors="0" timestamp="2023-08-18T23:14:33 MST">
  <testcase classname="com.qa.opencart.testcase.HomePageTest" name="verifyOpencartLogoTest" time="0.4"/>
  <testcase classname="com.qa.opencart.testcase.HomePageTest" name="verifyOpencartPageTitleTest" time="0.017"/>
  <testcase classname="com.qa.opencart.testcase.HomePageTest" name="verifyFeaturedCardsCountTest" time="0.068"/>
</testsuite> <!-- OpencartTest -->
