<?xml version="1.0" encoding="UTF-8"?>
<!-- Generated by org.testng.reporters.JUnitXMLReporter -->
<testsuite ignored="0" hostname="RameshCh" failures="0" tests="5" name="OpencartTest" time="295.108" errors="0" timestamp="2023-08-17T18:34:30 MST">
  <testcase classname="com.qa.opencart.testcase.RegistrationPageTest" name="RegisterAccountTest" time="45.052"/>
  <testcase classname="com.qa.opencart.testcase.RegistrationPageTest" name="registerAccountWithExcelDataTest" time="44.034"/>
  <testcase classname="com.qa.opencart.testcase.RegistrationPageTest" name="registerAccountWithExcelDataTest" time="44.01"/>
  <testcase classname="com.qa.opencart.testcase.RegistrationPageTest" name="registerAccountWithExcelDataTest" time="44.397"/>
  <testcase classname="com.qa.opencart.testcase.RegistrationPageTest" name="registerAccountWithExcelDataTest" time="44.189"/>
</testsuite> <!-- OpencartTest -->
